{"C:\\code\\ts\\vibe-helper\\src\\index.ts": {"path":"C:\\code\\ts\\vibe-helper\\src\\index.ts","statementMap":{"0":{"start":{"line":15,"column":16},"end":{"line":15,"column":null}},"1":{"start":{"line":17,"column":0},"end":{"line":21,"column":null}},"2":{"start":{"line":26,"column":8},"end":{"line":26,"column":null}},"3":{"start":{"line":27,"column":2},"end":{"line":27,"column":null}},"4":{"start":{"line":28,"column":2},"end":{"line":33,"column":null}},"5":{"start":{"line":29,"column":4},"end":{"line":29,"column":null}},"6":{"start":{"line":31,"column":4},"end":{"line":31,"column":null}},"7":{"start":{"line":32,"column":4},"end":{"line":32,"column":null}},"8":{"start":{"line":34,"column":2},"end":{"line":34,"column":null}},"9":{"start":{"line":37,"column":19},"end":{"line":37,"column":null}},"10":{"start":{"line":38,"column":2},"end":{"line":41,"column":null}},"11":{"start":{"line":39,"column":4},"end":{"line":39,"column":null}},"12":{"start":{"line":40,"column":4},"end":{"line":40,"column":null}},"13":{"start":{"line":44,"column":2},"end":{"line":44,"column":null}},"14":{"start":{"line":49,"column":2},"end":{"line":49,"column":null}},"15":{"start":{"line":51,"column":8},"end":{"line":51,"column":null}},"16":{"start":{"line":53,"column":2},"end":{"line":56,"column":null}},"17":{"start":{"line":54,"column":4},"end":{"line":54,"column":null}},"18":{"start":{"line":55,"column":4},"end":{"line":55,"column":null}},"19":{"start":{"line":59,"column":22},"end":{"line":66,"column":null}},"20":{"start":{"line":60,"column":39},"end":{"line":64,"column":6}},"21":{"start":{"line":68,"column":19},"end":{"line":71,"column":null}},"22":{"start":{"line":73,"column":2},"end":{"line":76,"column":null}},"23":{"start":{"line":74,"column":4},"end":{"line":74,"column":null}},"24":{"start":{"line":75,"column":4},"end":{"line":75,"column":null}},"25":{"start":{"line":79,"column":2},"end":{"line":79,"column":null}},"26":{"start":{"line":80,"column":2},"end":{"line":80,"column":null}},"27":{"start":{"line":84,"column":0},"end":{"line":86,"column":null}},"28":{"start":{"line":85,"column":2},"end":{"line":85,"column":null}}},"fnMap":{"0":{"name":"main","decl":{"start":{"line":24,"column":15},"end":{"line":24,"column":37}},"loc":{"start":{"line":24,"column":37},"end":{"line":45,"column":null}},"line":24},"1":{"name":"showMainMenu","decl":{"start":{"line":48,"column":15},"end":{"line":48,"column":45}},"loc":{"start":{"line":48,"column":45},"end":{"line":81,"column":null}},"line":48},"2":{"name":"(anonymous_2)","decl":{"start":{"line":60,"column":13},"end":{"line":60,"column":18}},"loc":{"start":{"line":60,"column":39},"end":{"line":64,"column":6}},"line":60},"3":{"name":"(anonymous_3)","decl":{"start":{"line":84,"column":7},"end":{"line":84,"column":14}},"loc":{"start":{"line":84,"column":22},"end":{"line":86,"column":1}},"line":84}},"branchMap":{"0":{"loc":{"start":{"line":38,"column":2},"end":{"line":41,"column":null}},"type":"if","locations":[{"start":{"line":38,"column":2},"end":{"line":41,"column":null}},{"start":{},"end":{}}],"line":38},"1":{"loc":{"start":{"line":53,"column":2},"end":{"line":56,"column":null}},"type":"if","locations":[{"start":{"line":53,"column":2},"end":{"line":56,"column":null}},{"start":{},"end":{}}],"line":53},"2":{"loc":{"start":{"line":73,"column":2},"end":{"line":76,"column":null}},"type":"if","locations":[{"start":{"line":73,"column":2},"end":{"line":76,"column":null}},{"start":{},"end":{}}],"line":73},"3":{"loc":{"start":{"line":73,"column":2},"end":{"line":73,"column":49}},"type":"binary-expr","locations":[{"start":{"line":73,"column":2},"end":{"line":73,"column":28}},{"start":{"line":73,"column":28},"end":{"line":73,"column":49}}],"line":73}},"s":{"0":0,"1":0,"2":0,"3":0,"4":0,"5":0,"6":0,"7":0,"8":0,"9":0,"10":0,"11":0,"12":0,"13":0,"14":0,"15":0,"16":0,"17":0,"18":0,"19":0,"20":0,"21":0,"22":0,"23":0,"24":0,"25":0,"26":0,"27":0,"28":0},"f":{"0":0,"1":0,"2":0,"3":0},"b":{"0":[0,0],"1":[0,0],"2":[0,0],"3":[0,0]},"meta":{"lastBranch":4,"lastFunction":4,"lastStatement":29,"seen":{"s:15:16:15:Infinity":0,"s:17:0:21:Infinity":1,"f:24:15:24:37":0,"s:26:8:26:Infinity":2,"s:27:2:27:Infinity":3,"s:28:2:33:Infinity":4,"s:29:4:29:Infinity":5,"s:31:4:31:Infinity":6,"s:32:4:32:Infinity":7,"s:34:2:34:Infinity":8,"s:37:19:37:Infinity":9,"b:38:2:41:Infinity:undefined:undefined:undefined:undefined":0,"s:38:2:41:Infinity":10,"s:39:4:39:Infinity":11,"s:40:4:40:Infinity":12,"s:44:2:44:Infinity":13,"f:48:15:48:45":1,"s:49:2:49:Infinity":14,"s:51:8:51:Infinity":15,"b:53:2:56:Infinity:undefined:undefined:undefined:undefined":1,"s:53:2:56:Infinity":16,"s:54:4:54:Infinity":17,"s:55:4:55:Infinity":18,"s:59:22:66:Infinity":19,"f:60:13:60:18":2,"s:60:39:64:6":20,"s:68:19:71:Infinity":21,"b:73:2:76:Infinity:undefined:undefined:undefined:undefined":2,"s:73:2:76:Infinity":22,"b:73:2:73:28:73:28:73:49":3,"s:74:4:74:Infinity":23,"s:75:4:75:Infinity":24,"s:79:2:79:Infinity":25,"s:80:2:80:Infinity":26,"s:84:0:86:Infinity":27,"f:84:7:84:14":3,"s:85:2:85:Infinity":28}}}
,"C:\\code\\ts\\vibe-helper\\src\\commands\\init.ts": {"path":"C:\\code\\ts\\vibe-helper\\src\\commands\\init.ts","statementMap":{"0":{"start":{"line":30,"column":6},"end":{"line":30,"column":null}},"1":{"start":{"line":31,"column":6},"end":{"line":31,"column":null}},"2":{"start":{"line":33,"column":31},"end":{"line":45,"column":null}},"3":{"start":{"line":38,"column":4},"end":{"line":43,"column":null}},"4":{"start":{"line":42,"column":8},"end":{"line":42,"column":null}},"5":{"start":{"line":59,"column":2},"end":{"line":59,"column":null}},"6":{"start":{"line":61,"column":2},"end":{"line":67,"column":null}},"7":{"start":{"line":69,"column":2},"end":{"line":162,"column":null}},"8":{"start":{"line":71,"column":42},"end":{"line":71,"column":null}},"9":{"start":{"line":74,"column":10},"end":{"line":74,"column":null}},"10":{"start":{"line":75,"column":10},"end":{"line":75,"column":null}},"11":{"start":{"line":78,"column":22},"end":{"line":78,"column":null}},"12":{"start":{"line":80,"column":4},"end":{"line":143,"column":null}},"13":{"start":{"line":83,"column":6},"end":{"line":142,"column":null}},"14":{"start":{"line":85,"column":10},"end":{"line":85,"column":null}},"15":{"start":{"line":86,"column":10},"end":{"line":91,"column":null}},"16":{"start":{"line":87,"column":25},"end":{"line":87,"column":null}},"17":{"start":{"line":88,"column":12},"end":{"line":88,"column":null}},"18":{"start":{"line":89,"column":12},"end":{"line":89,"column":null}},"19":{"start":{"line":90,"column":12},"end":{"line":90,"column":null}},"20":{"start":{"line":92,"column":10},"end":{"line":92,"column":null}},"21":{"start":{"line":95,"column":10},"end":{"line":95,"column":null}},"22":{"start":{"line":96,"column":10},"end":{"line":102,"column":null}},"23":{"start":{"line":97,"column":25},"end":{"line":97,"column":null}},"24":{"start":{"line":98,"column":12},"end":{"line":98,"column":null}},"25":{"start":{"line":99,"column":12},"end":{"line":99,"column":null}},"26":{"start":{"line":100,"column":17},"end":{"line":102,"column":null}},"27":{"start":{"line":101,"column":12},"end":{"line":101,"column":null}},"28":{"start":{"line":103,"column":10},"end":{"line":103,"column":null}},"29":{"start":{"line":106,"column":10},"end":{"line":106,"column":null}},"30":{"start":{"line":107,"column":10},"end":{"line":115,"column":null}},"31":{"start":{"line":108,"column":25},"end":{"line":108,"column":null}},"32":{"start":{"line":109,"column":12},"end":{"line":109,"column":null}},"33":{"start":{"line":110,"column":12},"end":{"line":110,"column":null}},"34":{"start":{"line":111,"column":12},"end":{"line":111,"column":null}},"35":{"start":{"line":112,"column":12},"end":{"line":112,"column":null}},"36":{"start":{"line":113,"column":17},"end":{"line":115,"column":null}},"37":{"start":{"line":114,"column":12},"end":{"line":114,"column":null}},"38":{"start":{"line":116,"column":10},"end":{"line":116,"column":null}},"39":{"start":{"line":119,"column":10},"end":{"line":119,"column":null}},"40":{"start":{"line":120,"column":10},"end":{"line":129,"column":null}},"41":{"start":{"line":121,"column":25},"end":{"line":121,"column":null}},"42":{"start":{"line":122,"column":12},"end":{"line":122,"column":null}},"43":{"start":{"line":123,"column":12},"end":{"line":123,"column":null}},"44":{"start":{"line":124,"column":12},"end":{"line":124,"column":null}},"45":{"start":{"line":125,"column":12},"end":{"line":125,"column":null}},"46":{"start":{"line":126,"column":12},"end":{"line":126,"column":null}},"47":{"start":{"line":127,"column":17},"end":{"line":129,"column":null}},"48":{"start":{"line":128,"column":12},"end":{"line":128,"column":null}},"49":{"start":{"line":130,"column":10},"end":{"line":130,"column":null}},"50":{"start":{"line":134,"column":32},"end":{"line":134,"column":null}},"51":{"start":{"line":135,"column":10},"end":{"line":139,"column":null}},"52":{"start":{"line":136,"column":12},"end":{"line":136,"column":null}},"53":{"start":{"line":138,"column":12},"end":{"line":138,"column":null}},"54":{"start":{"line":140,"column":10},"end":{"line":140,"column":null}},"55":{"start":{"line":146,"column":10},"end":{"line":146,"column":null}},"56":{"start":{"line":147,"column":16},"end":{"line":147,"column":null}},"57":{"start":{"line":149,"column":19},"end":{"line":153,"column":null}},"58":{"start":{"line":156,"column":4},"end":{"line":156,"column":null}},"59":{"start":{"line":159,"column":4},"end":{"line":159,"column":null}},"60":{"start":{"line":161,"column":4},"end":{"line":161,"column":null}}},"fnMap":{"0":{"name":"(anonymous_0)","decl":{"start":{"line":37,"column":2},"end":{"line":37,"column":11}},"loc":{"start":{"line":37,"column":35},"end":{"line":44,"column":null}},"line":37},"1":{"name":"(anonymous_1)","decl":{"start":{"line":41,"column":14},"end":{"line":41,"column":26}},"loc":{"start":{"line":41,"column":26},"end":{"line":43,"column":7}},"line":41},"2":{"name":"runInit","decl":{"start":{"line":57,"column":15},"end":{"line":57,"column":40}},"loc":{"start":{"line":57,"column":40},"end":{"line":163,"column":null}},"line":57}},"branchMap":{"0":{"loc":{"start":{"line":83,"column":6},"end":{"line":142,"column":null}},"type":"switch","locations":[{"start":{"line":84,"column":8},"end":{"line":93,"column":null}},{"start":{"line":94,"column":8},"end":{"line":104,"column":null}},{"start":{"line":105,"column":8},"end":{"line":117,"column":null}},{"start":{"line":118,"column":8},"end":{"line":131,"column":null}},{"start":{"line":132,"column":8},"end":{"line":141,"column":null}}],"line":83},"1":{"loc":{"start":{"line":86,"column":10},"end":{"line":91,"column":null}},"type":"if","locations":[{"start":{"line":86,"column":10},"end":{"line":91,"column":null}},{"start":{},"end":{}}],"line":86},"2":{"loc":{"start":{"line":96,"column":10},"end":{"line":102,"column":null}},"type":"if","locations":[{"start":{"line":96,"column":10},"end":{"line":102,"column":null}},{"start":{"line":100,"column":17},"end":{"line":102,"column":null}}],"line":96},"3":{"loc":{"start":{"line":100,"column":17},"end":{"line":102,"column":null}},"type":"if","locations":[{"start":{"line":100,"column":17},"end":{"line":102,"column":null}},{"start":{},"end":{}}],"line":100},"4":{"loc":{"start":{"line":107,"column":10},"end":{"line":115,"column":null}},"type":"if","locations":[{"start":{"line":107,"column":10},"end":{"line":115,"column":null}},{"start":{"line":113,"column":17},"end":{"line":115,"column":null}}],"line":107},"5":{"loc":{"start":{"line":113,"column":17},"end":{"line":115,"column":null}},"type":"if","locations":[{"start":{"line":113,"column":17},"end":{"line":115,"column":null}},{"start":{},"end":{}}],"line":113},"6":{"loc":{"start":{"line":120,"column":10},"end":{"line":129,"column":null}},"type":"if","locations":[{"start":{"line":120,"column":10},"end":{"line":129,"column":null}},{"start":{"line":127,"column":17},"end":{"line":129,"column":null}}],"line":120},"7":{"loc":{"start":{"line":127,"column":17},"end":{"line":129,"column":null}},"type":"if","locations":[{"start":{"line":127,"column":17},"end":{"line":129,"column":null}},{"start":{},"end":{}}],"line":127},"8":{"loc":{"start":{"line":135,"column":10},"end":{"line":139,"column":null}},"type":"if","locations":[{"start":{"line":135,"column":10},"end":{"line":139,"column":null}},{"start":{"line":137,"column":17},"end":{"line":139,"column":null}}],"line":135}},"s":{"0":1,"1":1,"2":1,"3":5,"4":0,"5":0,"6":0,"7":0,"8":0,"9":0,"10":0,"11":0,"12":0,"13":0,"14":0,"15":0,"16":0,"17":0,"18":0,"19":0,"20":0,"21":0,"22":0,"23":0,"24":0,"25":0,"26":0,"27":0,"28":0,"29":0,"30":0,"31":0,"32":0,"33":0,"34":0,"35":0,"36":0,"37":0,"38":0,"39":0,"40":0,"41":0,"42":0,"43":0,"44":0,"45":0,"46":0,"47":0,"48":0,"49":0,"50":0,"51":0,"52":0,"53":0,"54":0,"55":0,"56":0,"57":0,"58":0,"59":0,"60":0},"f":{"0":5,"1":0,"2":0},"b":{"0":[0,0,0,0,0],"1":[0,0],"2":[0,0],"3":[0,0],"4":[0,0],"5":[0,0],"6":[0,0],"7":[0,0],"8":[0,0]},"meta":{"lastBranch":9,"lastFunction":3,"lastStatement":61,"seen":{"s:30:6:30:Infinity":0,"s:31:6:31:Infinity":1,"s:33:31:45:Infinity":2,"f:37:2:37:11":0,"s:38:4:43:Infinity":3,"f:41:14:41:26":1,"s:42:8:42:Infinity":4,"f:57:15:57:40":2,"s:59:2:59:Infinity":5,"s:61:2:67:Infinity":6,"s:69:2:162:Infinity":7,"s:71:42:71:Infinity":8,"s:74:10:74:Infinity":9,"s:75:10:75:Infinity":10,"s:78:22:78:Infinity":11,"s:80:4:143:Infinity":12,"b:84:8:93:Infinity:94:8:104:Infinity:105:8:117:Infinity:118:8:131:Infinity:132:8:141:Infinity":0,"s:83:6:142:Infinity":13,"s:85:10:85:Infinity":14,"b:86:10:91:Infinity:undefined:undefined:undefined:undefined":1,"s:86:10:91:Infinity":15,"s:87:25:87:Infinity":16,"s:88:12:88:Infinity":17,"s:89:12:89:Infinity":18,"s:90:12:90:Infinity":19,"s:92:10:92:Infinity":20,"s:95:10:95:Infinity":21,"b:96:10:102:Infinity:100:17:102:Infinity":2,"s:96:10:102:Infinity":22,"s:97:25:97:Infinity":23,"s:98:12:98:Infinity":24,"s:99:12:99:Infinity":25,"b:100:17:102:Infinity:undefined:undefined:undefined:undefined":3,"s:100:17:102:Infinity":26,"s:101:12:101:Infinity":27,"s:103:10:103:Infinity":28,"s:106:10:106:Infinity":29,"b:107:10:115:Infinity:113:17:115:Infinity":4,"s:107:10:115:Infinity":30,"s:108:25:108:Infinity":31,"s:109:12:109:Infinity":32,"s:110:12:110:Infinity":33,"s:111:12:111:Infinity":34,"s:112:12:112:Infinity":35,"b:113:17:115:Infinity:undefined:undefined:undefined:undefined":5,"s:113:17:115:Infinity":36,"s:114:12:114:Infinity":37,"s:116:10:116:Infinity":38,"s:119:10:119:Infinity":39,"b:120:10:129:Infinity:127:17:129:Infinity":6,"s:120:10:129:Infinity":40,"s:121:25:121:Infinity":41,"s:122:12:122:Infinity":42,"s:123:12:123:Infinity":43,"s:124:12:124:Infinity":44,"s:125:12:125:Infinity":45,"s:126:12:126:Infinity":46,"b:127:17:129:Infinity:undefined:undefined:undefined:undefined":7,"s:127:17:129:Infinity":47,"s:128:12:128:Infinity":48,"s:130:10:130:Infinity":49,"s:134:32:134:Infinity":50,"b:135:10:139:Infinity:137:17:139:Infinity":8,"s:135:10:139:Infinity":51,"s:136:12:136:Infinity":52,"s:138:12:138:Infinity":53,"s:140:10:140:Infinity":54,"s:146:10:146:Infinity":55,"s:147:16:147:Infinity":56,"s:149:19:153:Infinity":57,"s:156:4:156:Infinity":58,"s:159:4:159:Infinity":59,"s:161:4:161:Infinity":60}}}
,"C:\\code\\ts\\vibe-helper\\src\\core\\command-registry.ts": {"path":"C:\\code\\ts\\vibe-helper\\src\\core\\command-registry.ts","statementMap":{"0":{"start":{"line":14,"column":6},"end":{"line":14,"column":null}},"1":{"start":{"line":15,"column":6},"end":{"line":15,"column":null}},"2":{"start":{"line":20,"column":30},"end":{"line":20,"column":null}},"3":{"start":{"line":29,"column":8},"end":{"line":29,"column":null}},"4":{"start":{"line":31,"column":2},"end":{"line":57,"column":null}},"5":{"start":{"line":32,"column":20},"end":{"line":32,"column":null}},"6":{"start":{"line":34,"column":4},"end":{"line":54,"column":null}},"7":{"start":{"line":35,"column":6},"end":{"line":35,"column":null}},"8":{"start":{"line":35,"column":58},"end":{"line":35,"column":null}},"9":{"start":{"line":37,"column":12},"end":{"line":37,"column":null}},"10":{"start":{"line":38,"column":6},"end":{"line":53,"column":null}},"11":{"start":{"line":40,"column":14},"end":{"line":40,"column":null}},"12":{"start":{"line":41,"column":20},"end":{"line":41,"column":null}},"13":{"start":{"line":43,"column":8},"end":{"line":49,"column":null}},"14":{"start":{"line":44,"column":10},"end":{"line":44,"column":null}},"15":{"start":{"line":45,"column":10},"end":{"line":48,"column":null}},"16":{"start":{"line":52,"column":8},"end":{"line":52,"column":null}},"17":{"start":{"line":64,"column":2},"end":{"line":64,"column":null}}},"fnMap":{"0":{"name":"loadCommands","decl":{"start":{"line":28,"column":22},"end":{"line":28,"column":35}},"loc":{"start":{"line":28,"column":68},"end":{"line":58,"column":null}},"line":28},"1":{"name":"getRegisteredTools","decl":{"start":{"line":63,"column":16},"end":{"line":63,"column":53}},"loc":{"start":{"line":63,"column":53},"end":{"line":65,"column":null}},"line":63}},"branchMap":{"0":{"loc":{"start":{"line":35,"column":6},"end":{"line":35,"column":null}},"type":"if","locations":[{"start":{"line":35,"column":6},"end":{"line":35,"column":null}},{"start":{},"end":{}}],"line":35},"1":{"loc":{"start":{"line":35,"column":10},"end":{"line":35,"column":58}},"type":"binary-expr","locations":[{"start":{"line":35,"column":10},"end":{"line":35,"column":29}},{"start":{"line":35,"column":29},"end":{"line":35,"column":58}}],"line":35},"2":{"loc":{"start":{"line":43,"column":8},"end":{"line":49,"column":null}},"type":"if","locations":[{"start":{"line":43,"column":8},"end":{"line":49,"column":null}},{"start":{},"end":{}}],"line":43},"3":{"loc":{"start":{"line":43,"column":12},"end":{"line":43,"column":81}},"type":"binary-expr","locations":[{"start":{"line":43,"column":12},"end":{"line":43,"column":37}},{"start":{"line":43,"column":37},"end":{"line":43,"column":81}}],"line":43},"4":{"loc":{"start":{"line":52,"column":66},"end":{"line":52,"column":106}},"type":"cond-expr","locations":[{"start":{"line":52,"column":89},"end":{"line":52,"column":103}},{"start":{"line":52,"column":103},"end":{"line":52,"column":106}}],"line":52}},"s":{"0":1,"1":1,"2":1,"3":0,"4":0,"5":0,"6":0,"7":0,"8":0,"9":0,"10":0,"11":0,"12":0,"13":0,"14":0,"15":0,"16":0,"17":2},"f":{"0":0,"1":2},"b":{"0":[0,0],"1":[0,0],"2":[0,0],"3":[0,0],"4":[0,0]},"meta":{"lastBranch":5,"lastFunction":2,"lastStatement":18,"seen":{"s:14:6:14:Infinity":0,"s:15:6:15:Infinity":1,"s:20:30:20:Infinity":2,"f:28:22:28:35":0,"s:29:8:29:Infinity":3,"s:31:2:57:Infinity":4,"s:32:20:32:Infinity":5,"s:34:4:54:Infinity":6,"b:35:6:35:Infinity:undefined:undefined:undefined:undefined":0,"s:35:6:35:Infinity":7,"b:35:10:35:29:35:29:35:58":1,"s:35:58:35:Infinity":8,"s:37:12:37:Infinity":9,"s:38:6:53:Infinity":10,"s:40:14:40:Infinity":11,"s:41:20:41:Infinity":12,"b:43:8:49:Infinity:undefined:undefined:undefined:undefined":2,"s:43:8:49:Infinity":13,"b:43:12:43:37:43:37:43:81":3,"s:44:10:44:Infinity":14,"s:45:10:48:Infinity":15,"s:52:8:52:Infinity":16,"b:52:89:52:103:52:103:52:106":4,"f:63:16:63:53":1,"s:64:2:64:Infinity":17}}}
,"C:\\code\\ts\\vibe-helper\\src\\core\\types.ts": {"path":"C:\\code\\ts\\vibe-helper\\src\\core\\types.ts","statementMap":{"0":{"start":{"line":11,"column":63},"end":{"line":17,"column":null}}},"fnMap":{},"branchMap":{},"s":{"0":2},"f":{},"b":{},"meta":{"lastBranch":0,"lastFunction":0,"lastStatement":1,"seen":{"s:11:63:17:Infinity":0}}}
,"C:\\code\\ts\\vibe-helper\\src\\core\\generator\\index.ts": {"path":"C:\\code\\ts\\vibe-helper\\src\\core\\generator\\index.ts","statementMap":{"0":{"start":{"line":41,"column":8},"end":{"line":41,"column":null}},"1":{"start":{"line":44,"column":2},"end":{"line":48,"column":null}},"2":{"start":{"line":45,"column":19},"end":{"line":45,"column":null}},"3":{"start":{"line":46,"column":4},"end":{"line":46,"column":null}},"4":{"start":{"line":46,"column":27},"end":{"line":46,"column":null}},"5":{"start":{"line":51,"column":2},"end":{"line":51,"column":null}},"6":{"start":{"line":53,"column":2},"end":{"line":59,"column":null}},"7":{"start":{"line":54,"column":4},"end":{"line":54,"column":null}},"8":{"start":{"line":55,"column":4},"end":{"line":55,"column":null}},"9":{"start":{"line":57,"column":20},"end":{"line":57,"column":null}},"10":{"start":{"line":58,"column":4},"end":{"line":58,"column":null}},"11":{"start":{"line":70,"column":8},"end":{"line":70,"column":null}},"12":{"start":{"line":72,"column":2},"end":{"line":75,"column":null}},"13":{"start":{"line":73,"column":19},"end":{"line":73,"column":null}},"14":{"start":{"line":74,"column":4},"end":{"line":74,"column":null}},"15":{"start":{"line":74,"column":27},"end":{"line":74,"column":null}},"16":{"start":{"line":77,"column":2},"end":{"line":83,"column":null}},"17":{"start":{"line":78,"column":4},"end":{"line":78,"column":null}},"18":{"start":{"line":79,"column":4},"end":{"line":79,"column":null}},"19":{"start":{"line":81,"column":20},"end":{"line":81,"column":null}},"20":{"start":{"line":82,"column":4},"end":{"line":82,"column":null}},"21":{"start":{"line":94,"column":8},"end":{"line":94,"column":null}},"22":{"start":{"line":95,"column":2},"end":{"line":95,"column":null}},"23":{"start":{"line":97,"column":35},"end":{"line":101,"column":null}},"24":{"start":{"line":103,"column":2},"end":{"line":154,"column":null}},"25":{"start":{"line":105,"column":4},"end":{"line":114,"column":null}},"26":{"start":{"line":106,"column":27},"end":{"line":106,"column":null}},"27":{"start":{"line":107,"column":21},"end":{"line":111,"column":null}},"28":{"start":{"line":112,"column":6},"end":{"line":113,"column":null}},"29":{"start":{"line":112,"column":32},"end":{"line":112,"column":null}},"30":{"start":{"line":113,"column":11},"end":{"line":113,"column":null}},"31":{"start":{"line":113,"column":37},"end":{"line":113,"column":null}},"32":{"start":{"line":117,"column":10},"end":{"line":117,"column":null}},"33":{"start":{"line":118,"column":4},"end":{"line":124,"column":null}},"34":{"start":{"line":119,"column":27},"end":{"line":119,"column":null}},"35":{"start":{"line":120,"column":29},"end":{"line":120,"column":null}},"36":{"start":{"line":121,"column":28},"end":{"line":121,"column":null}},"37":{"start":{"line":122,"column":6},"end":{"line":123,"column":null}},"38":{"start":{"line":122,"column":39},"end":{"line":122,"column":null}},"39":{"start":{"line":123,"column":11},"end":{"line":123,"column":null}},"40":{"start":{"line":123,"column":44},"end":{"line":123,"column":null}},"41":{"start":{"line":127,"column":10},"end":{"line":127,"column":null}},"42":{"start":{"line":128,"column":4},"end":{"line":139,"column":null}},"43":{"start":{"line":129,"column":6},"end":{"line":138,"column":null}},"44":{"start":{"line":130,"column":14},"end":{"line":130,"column":null}},"45":{"start":{"line":131,"column":29},"end":{"line":131,"column":null}},"46":{"start":{"line":133,"column":8},"end":{"line":137,"column":null}},"47":{"start":{"line":134,"column":25},"end":{"line":134,"column":null}},"48":{"start":{"line":135,"column":10},"end":{"line":136,"column":null}},"49":{"start":{"line":135,"column":36},"end":{"line":135,"column":null}},"50":{"start":{"line":136,"column":15},"end":{"line":136,"column":null}},"51":{"start":{"line":136,"column":41},"end":{"line":136,"column":null}},"52":{"start":{"line":142,"column":4},"end":{"line":147,"column":null}},"53":{"start":{"line":143,"column":24},"end":{"line":143,"column":null}},"54":{"start":{"line":144,"column":21},"end":{"line":144,"column":null}},"55":{"start":{"line":145,"column":6},"end":{"line":146,"column":null}},"56":{"start":{"line":145,"column":32},"end":{"line":145,"column":null}},"57":{"start":{"line":146,"column":11},"end":{"line":146,"column":null}},"58":{"start":{"line":146,"column":37},"end":{"line":146,"column":null}},"59":{"start":{"line":149,"column":4},"end":{"line":149,"column":null}},"60":{"start":{"line":151,"column":4},"end":{"line":151,"column":null}},"61":{"start":{"line":152,"column":20},"end":{"line":152,"column":null}},"62":{"start":{"line":153,"column":4},"end":{"line":153,"column":null}},"63":{"start":{"line":156,"column":2},"end":{"line":156,"column":null}},"64":{"start":{"line":163,"column":2},"end":{"line":168,"column":null}},"65":{"start":{"line":164,"column":4},"end":{"line":167,"column":null}},"66":{"start":{"line":165,"column":32},"end":{"line":165,"column":42}},"67":{"start":{"line":170,"column":2},"end":{"line":175,"column":null}},"68":{"start":{"line":171,"column":4},"end":{"line":174,"column":null}},"69":{"start":{"line":172,"column":32},"end":{"line":172,"column":50}},"70":{"start":{"line":177,"column":2},"end":{"line":182,"column":null}},"71":{"start":{"line":178,"column":4},"end":{"line":181,"column":null}},"72":{"start":{"line":179,"column":31},"end":{"line":179,"column":58}}},"fnMap":{"0":{"name":"safeWrite","decl":{"start":{"line":36,"column":15},"end":{"line":36,"column":null}},"loc":{"start":{"line":40,"column":45},"end":{"line":60,"column":null}},"line":40},"1":{"name":"safeCopyDir","decl":{"start":{"line":65,"column":15},"end":{"line":65,"column":null}},"loc":{"start":{"line":69,"column":45},"end":{"line":84,"column":null}},"line":69},"2":{"name":"generateFiles","decl":{"start":{"line":89,"column":22},"end":{"line":89,"column":null}},"loc":{"start":{"line":93,"column":29},"end":{"line":157,"column":null}},"line":93},"3":{"name":"showGenerationSummary","decl":{"start":{"line":162,"column":16},"end":{"line":162,"column":38}},"loc":{"start":{"line":162,"column":70},"end":{"line":183,"column":null}},"line":162},"4":{"name":"(anonymous_4)","decl":{"start":{"line":165,"column":21},"end":{"line":165,"column":26}},"loc":{"start":{"line":165,"column":32},"end":{"line":165,"column":42}},"line":165},"5":{"name":"(anonymous_5)","decl":{"start":{"line":172,"column":21},"end":{"line":172,"column":26}},"loc":{"start":{"line":172,"column":32},"end":{"line":172,"column":50}},"line":172},"6":{"name":"(anonymous_6)","decl":{"start":{"line":179,"column":20},"end":{"line":179,"column":25}},"loc":{"start":{"line":179,"column":31},"end":{"line":179,"column":58}},"line":179}},"branchMap":{"0":{"loc":{"start":{"line":44,"column":2},"end":{"line":48,"column":null}},"type":"if","locations":[{"start":{"line":44,"column":2},"end":{"line":48,"column":null}},{"start":{},"end":{}}],"line":44},"1":{"loc":{"start":{"line":46,"column":4},"end":{"line":46,"column":null}},"type":"if","locations":[{"start":{"line":46,"column":4},"end":{"line":46,"column":null}},{"start":{},"end":{}}],"line":46},"2":{"loc":{"start":{"line":57,"column":20},"end":{"line":57,"column":null}},"type":"cond-expr","locations":[{"start":{"line":57,"column":43},"end":{"line":57,"column":57}},{"start":{"line":57,"column":57},"end":{"line":57,"column":null}}],"line":57},"3":{"loc":{"start":{"line":72,"column":2},"end":{"line":75,"column":null}},"type":"if","locations":[{"start":{"line":72,"column":2},"end":{"line":75,"column":null}},{"start":{},"end":{}}],"line":72},"4":{"loc":{"start":{"line":74,"column":4},"end":{"line":74,"column":null}},"type":"if","locations":[{"start":{"line":74,"column":4},"end":{"line":74,"column":null}},{"start":{},"end":{}}],"line":74},"5":{"loc":{"start":{"line":81,"column":20},"end":{"line":81,"column":null}},"type":"cond-expr","locations":[{"start":{"line":81,"column":43},"end":{"line":81,"column":57}},{"start":{"line":81,"column":57},"end":{"line":81,"column":null}}],"line":81},"6":{"loc":{"start":{"line":105,"column":4},"end":{"line":114,"column":null}},"type":"if","locations":[{"start":{"line":105,"column":4},"end":{"line":114,"column":null}},{"start":{},"end":{}}],"line":105},"7":{"loc":{"start":{"line":112,"column":6},"end":{"line":113,"column":null}},"type":"if","locations":[{"start":{"line":112,"column":6},"end":{"line":113,"column":null}},{"start":{"line":113,"column":11},"end":{"line":113,"column":null}}],"line":112},"8":{"loc":{"start":{"line":113,"column":11},"end":{"line":113,"column":null}},"type":"if","locations":[{"start":{"line":113,"column":11},"end":{"line":113,"column":null}},{"start":{},"end":{}}],"line":113},"9":{"loc":{"start":{"line":118,"column":4},"end":{"line":124,"column":null}},"type":"if","locations":[{"start":{"line":118,"column":4},"end":{"line":124,"column":null}},{"start":{},"end":{}}],"line":118},"10":{"loc":{"start":{"line":122,"column":6},"end":{"line":123,"column":null}},"type":"if","locations":[{"start":{"line":122,"column":6},"end":{"line":123,"column":null}},{"start":{"line":123,"column":11},"end":{"line":123,"column":null}}],"line":122},"11":{"loc":{"start":{"line":123,"column":11},"end":{"line":123,"column":null}},"type":"if","locations":[{"start":{"line":123,"column":11},"end":{"line":123,"column":null}},{"start":{},"end":{}}],"line":123},"12":{"loc":{"start":{"line":128,"column":4},"end":{"line":139,"column":null}},"type":"if","locations":[{"start":{"line":128,"column":4},"end":{"line":139,"column":null}},{"start":{},"end":{}}],"line":128},"13":{"loc":{"start":{"line":128,"column":8},"end":{"line":128,"column":66}},"type":"binary-expr","locations":[{"start":{"line":128,"column":8},"end":{"line":128,"column":37}},{"start":{"line":128,"column":37},"end":{"line":128,"column":66}}],"line":128},"14":{"loc":{"start":{"line":133,"column":8},"end":{"line":137,"column":null}},"type":"if","locations":[{"start":{"line":133,"column":8},"end":{"line":137,"column":null}},{"start":{},"end":{}}],"line":133},"15":{"loc":{"start":{"line":135,"column":10},"end":{"line":136,"column":null}},"type":"if","locations":[{"start":{"line":135,"column":10},"end":{"line":136,"column":null}},{"start":{"line":136,"column":15},"end":{"line":136,"column":null}}],"line":135},"16":{"loc":{"start":{"line":136,"column":15},"end":{"line":136,"column":null}},"type":"if","locations":[{"start":{"line":136,"column":15},"end":{"line":136,"column":null}},{"start":{},"end":{}}],"line":136},"17":{"loc":{"start":{"line":142,"column":4},"end":{"line":147,"column":null}},"type":"if","locations":[{"start":{"line":142,"column":4},"end":{"line":147,"column":null}},{"start":{},"end":{}}],"line":142},"18":{"loc":{"start":{"line":145,"column":6},"end":{"line":146,"column":null}},"type":"if","locations":[{"start":{"line":145,"column":6},"end":{"line":146,"column":null}},{"start":{"line":146,"column":11},"end":{"line":146,"column":null}}],"line":145},"19":{"loc":{"start":{"line":146,"column":11},"end":{"line":146,"column":null}},"type":"if","locations":[{"start":{"line":146,"column":11},"end":{"line":146,"column":null}},{"start":{},"end":{}}],"line":146},"20":{"loc":{"start":{"line":152,"column":20},"end":{"line":152,"column":null}},"type":"cond-expr","locations":[{"start":{"line":152,"column":43},"end":{"line":152,"column":57}},{"start":{"line":152,"column":57},"end":{"line":152,"column":null}}],"line":152},"21":{"loc":{"start":{"line":163,"column":2},"end":{"line":168,"column":null}},"type":"if","locations":[{"start":{"line":163,"column":2},"end":{"line":168,"column":null}},{"start":{},"end":{}}],"line":163},"22":{"loc":{"start":{"line":170,"column":2},"end":{"line":175,"column":null}},"type":"if","locations":[{"start":{"line":170,"column":2},"end":{"line":175,"column":null}},{"start":{},"end":{}}],"line":170},"23":{"loc":{"start":{"line":177,"column":2},"end":{"line":182,"column":null}},"type":"if","locations":[{"start":{"line":177,"column":2},"end":{"line":182,"column":null}},{"start":{},"end":{}}],"line":177}},"s":{"0":13,"1":13,"2":10,"3":10,"4":2,"5":11,"6":11,"7":11,"8":10,"9":1,"10":1,"11":0,"12":0,"13":0,"14":0,"15":0,"16":0,"17":0,"18":0,"19":0,"20":0,"21":7,"22":7,"23":7,"24":7,"25":7,"26":4,"27":4,"28":4,"29":4,"30":0,"31":0,"32":7,"33":7,"34":5,"35":5,"36":5,"37":5,"38":4,"39":1,"40":1,"41":7,"42":7,"43":0,"44":0,"45":0,"46":0,"47":0,"48":0,"49":0,"50":0,"51":0,"52":7,"53":4,"54":4,"55":3,"56":3,"57":1,"58":1,"59":6,"60":1,"61":1,"62":1,"63":7,"64":4,"65":2,"66":3,"67":4,"68":1,"69":1,"70":4,"71":2,"72":3},"f":{"0":13,"1":0,"2":7,"3":4,"4":3,"5":1,"6":3},"b":{"0":[10,3],"1":[2,8],"2":[1,0],"3":[0,0],"4":[0,0],"5":[0,0],"6":[4,3],"7":[4,0],"8":[0,0],"9":[5,2],"10":[4,1],"11":[1,0],"12":[0,7],"13":[7,0],"14":[0,0],"15":[0,0],"16":[0,0],"17":[4,3],"18":[2,1],"19":[1,0],"20":[1,0],"21":[2,2],"22":[1,3],"23":[2,2]},"meta":{"lastBranch":24,"lastFunction":7,"lastStatement":73,"seen":{"f:36:15:36:Infinity":0,"s:41:8:41:Infinity":0,"b:44:2:48:Infinity:undefined:undefined:undefined:undefined":0,"s:44:2:48:Infinity":1,"s:45:19:45:Infinity":2,"b:46:4:46:Infinity:undefined:undefined:undefined:undefined":1,"s:46:4:46:Infinity":3,"s:46:27:46:Infinity":4,"s:51:2:51:Infinity":5,"s:53:2:59:Infinity":6,"s:54:4:54:Infinity":7,"s:55:4:55:Infinity":8,"s:57:20:57:Infinity":9,"b:57:43:57:57:57:57:57:Infinity":2,"s:58:4:58:Infinity":10,"f:65:15:65:Infinity":1,"s:70:8:70:Infinity":11,"b:72:2:75:Infinity:undefined:undefined:undefined:undefined":3,"s:72:2:75:Infinity":12,"s:73:19:73:Infinity":13,"b:74:4:74:Infinity:undefined:undefined:undefined:undefined":4,"s:74:4:74:Infinity":14,"s:74:27:74:Infinity":15,"s:77:2:83:Infinity":16,"s:78:4:78:Infinity":17,"s:79:4:79:Infinity":18,"s:81:20:81:Infinity":19,"b:81:43:81:57:81:57:81:Infinity":5,"s:82:4:82:Infinity":20,"f:89:22:89:Infinity":2,"s:94:8:94:Infinity":21,"s:95:2:95:Infinity":22,"s:97:35:101:Infinity":23,"s:103:2:154:Infinity":24,"b:105:4:114:Infinity:undefined:undefined:undefined:undefined":6,"s:105:4:114:Infinity":25,"s:106:27:106:Infinity":26,"s:107:21:111:Infinity":27,"b:112:6:113:Infinity:113:11:113:Infinity":7,"s:112:6:113:Infinity":28,"s:112:32:112:Infinity":29,"b:113:11:113:Infinity:undefined:undefined:undefined:undefined":8,"s:113:11:113:Infinity":30,"s:113:37:113:Infinity":31,"s:117:10:117:Infinity":32,"b:118:4:124:Infinity:undefined:undefined:undefined:undefined":9,"s:118:4:124:Infinity":33,"s:119:27:119:Infinity":34,"s:120:29:120:Infinity":35,"s:121:28:121:Infinity":36,"b:122:6:123:Infinity:123:11:123:Infinity":10,"s:122:6:123:Infinity":37,"s:122:39:122:Infinity":38,"b:123:11:123:Infinity:undefined:undefined:undefined:undefined":11,"s:123:11:123:Infinity":39,"s:123:44:123:Infinity":40,"s:127:10:127:Infinity":41,"b:128:4:139:Infinity:undefined:undefined:undefined:undefined":12,"s:128:4:139:Infinity":42,"b:128:8:128:37:128:37:128:66":13,"s:129:6:138:Infinity":43,"s:130:14:130:Infinity":44,"s:131:29:131:Infinity":45,"b:133:8:137:Infinity:undefined:undefined:undefined:undefined":14,"s:133:8:137:Infinity":46,"s:134:25:134:Infinity":47,"b:135:10:136:Infinity:136:15:136:Infinity":15,"s:135:10:136:Infinity":48,"s:135:36:135:Infinity":49,"b:136:15:136:Infinity:undefined:undefined:undefined:undefined":16,"s:136:15:136:Infinity":50,"s:136:41:136:Infinity":51,"b:142:4:147:Infinity:undefined:undefined:undefined:undefined":17,"s:142:4:147:Infinity":52,"s:143:24:143:Infinity":53,"s:144:21:144:Infinity":54,"b:145:6:146:Infinity:146:11:146:Infinity":18,"s:145:6:146:Infinity":55,"s:145:32:145:Infinity":56,"b:146:11:146:Infinity:undefined:undefined:undefined:undefined":19,"s:146:11:146:Infinity":57,"s:146:37:146:Infinity":58,"s:149:4:149:Infinity":59,"s:151:4:151:Infinity":60,"s:152:20:152:Infinity":61,"b:152:43:152:57:152:57:152:Infinity":20,"s:153:4:153:Infinity":62,"s:156:2:156:Infinity":63,"f:162:16:162:38":3,"b:163:2:168:Infinity:undefined:undefined:undefined:undefined":21,"s:163:2:168:Infinity":64,"s:164:4:167:Infinity":65,"f:165:21:165:26":4,"s:165:32:165:42":66,"b:170:2:175:Infinity:undefined:undefined:undefined:undefined":22,"s:170:2:175:Infinity":67,"s:171:4:174:Infinity":68,"f:172:21:172:26":5,"s:172:32:172:50":69,"b:177:2:182:Infinity:undefined:undefined:undefined:undefined":23,"s:177:2:182:Infinity":70,"s:178:4:181:Infinity":71,"f:179:20:179:25":6,"s:179:31:179:58":72}}}
,"C:\\code\\ts\\vibe-helper\\src\\core\\generator\\template-loader.ts": {"path":"C:\\code\\ts\\vibe-helper\\src\\core\\generator\\template-loader.ts","statementMap":{"0":{"start":{"line":12,"column":49},"end":{"line":18,"column":null}},"1":{"start":{"line":28,"column":15},"end":{"line":28,"column":null}},"2":{"start":{"line":29,"column":2},"end":{"line":31,"column":null}},"3":{"start":{"line":30,"column":4},"end":{"line":30,"column":null}},"4":{"start":{"line":32,"column":2},"end":{"line":32,"column":null}},"5":{"start":{"line":39,"column":8},"end":{"line":39,"column":null}},"6":{"start":{"line":40,"column":2},"end":{"line":44,"column":null}},"7":{"start":{"line":41,"column":4},"end":{"line":41,"column":null}},"8":{"start":{"line":43,"column":4},"end":{"line":43,"column":null}},"9":{"start":{"line":51,"column":2},"end":{"line":51,"column":null}},"10":{"start":{"line":63,"column":27},"end":{"line":63,"column":null}},"11":{"start":{"line":64,"column":21},"end":{"line":64,"column":null}},"12":{"start":{"line":65,"column":2},"end":{"line":67,"column":null}},"13":{"start":{"line":66,"column":4},"end":{"line":66,"column":null}},"14":{"start":{"line":75,"column":6},"end":{"line":85,"column":null}},"15":{"start":{"line":88,"column":22},"end":{"line":88,"column":null}},"16":{"start":{"line":89,"column":2},"end":{"line":92,"column":null}},"17":{"start":{"line":90,"column":4},"end":{"line":91,"column":null}},"18":{"start":{"line":96,"column":2},"end":{"line":101,"column":null}},"19":{"start":{"line":97,"column":25},"end":{"line":97,"column":null}},"20":{"start":{"line":98,"column":4},"end":{"line":98,"column":null}},"21":{"start":{"line":100,"column":4},"end":{"line":100,"column":null}},"22":{"start":{"line":104,"column":32},"end":{"line":107,"column":null}},"23":{"start":{"line":110,"column":32},"end":{"line":112,"column":null}},"24":{"start":{"line":115,"column":18},"end":{"line":129,"column":null}},"25":{"start":{"line":131,"column":2},"end":{"line":131,"column":null}},"26":{"start":{"line":141,"column":19},"end":{"line":141,"column":null}},"27":{"start":{"line":142,"column":2},"end":{"line":145,"column":null}},"28":{"start":{"line":152,"column":2},"end":{"line":152,"column":null}},"29":{"start":{"line":159,"column":2},"end":{"line":159,"column":null}}},"fnMap":{"0":{"name":"replacePlaceholders","decl":{"start":{"line":24,"column":9},"end":{"line":24,"column":null}},"loc":{"start":{"line":27,"column":10},"end":{"line":33,"column":null}},"line":27},"1":{"name":"readTemplate","decl":{"start":{"line":38,"column":15},"end":{"line":38,"column":28}},"loc":{"start":{"line":38,"column":68},"end":{"line":45,"column":null}},"line":38},"2":{"name":"joinSections","decl":{"start":{"line":50,"column":9},"end":{"line":50,"column":22}},"loc":{"start":{"line":50,"column":74},"end":{"line":52,"column":null}},"line":50},"3":{"name":"buildCopilotInstructions","decl":{"start":{"line":57,"column":22},"end":{"line":57,"column":null}},"loc":{"start":{"line":60,"column":19},"end":{"line":132,"column":null}},"line":60},"4":{"name":"buildCrushJson","decl":{"start":{"line":137,"column":22},"end":{"line":137,"column":null}},"loc":{"start":{"line":140,"column":19},"end":{"line":146,"column":null}},"line":140},"5":{"name":"getRoadmapTemplatePath","decl":{"start":{"line":151,"column":16},"end":{"line":151,"column":39}},"loc":{"start":{"line":151,"column":68},"end":{"line":153,"column":null}},"line":151},"6":{"name":"getSkillsResPath","decl":{"start":{"line":158,"column":16},"end":{"line":158,"column":33}},"loc":{"start":{"line":158,"column":62},"end":{"line":160,"column":null}},"line":158}},"branchMap":{"0":{"loc":{"start":{"line":65,"column":2},"end":{"line":67,"column":null}},"type":"if","locations":[{"start":{"line":65,"column":2},"end":{"line":67,"column":null}},{"start":{},"end":{}}],"line":65},"1":{"loc":{"start":{"line":83,"column":24},"end":{"line":83,"column":85}},"type":"cond-expr","locations":[{"start":{"line":83,"column":66},"end":{"line":83,"column":77}},{"start":{"line":83,"column":77},"end":{"line":83,"column":85}}],"line":83},"2":{"loc":{"start":{"line":89,"column":2},"end":{"line":92,"column":null}},"type":"if","locations":[{"start":{"line":89,"column":2},"end":{"line":92,"column":null}},{"start":{},"end":{}}],"line":89},"3":{"loc":{"start":{"line":89,"column":6},"end":{"line":89,"column":80}},"type":"binary-expr","locations":[{"start":{"line":89,"column":6},"end":{"line":89,"column":43}},{"start":{"line":89,"column":43},"end":{"line":89,"column":80}}],"line":89},"4":{"loc":{"start":{"line":96,"column":2},"end":{"line":101,"column":null}},"type":"if","locations":[{"start":{"line":96,"column":2},"end":{"line":101,"column":null}},{"start":{"line":99,"column":9},"end":{"line":101,"column":null}}],"line":96},"5":{"loc":{"start":{"line":97,"column":25},"end":{"line":97,"column":null}},"type":"cond-expr","locations":[{"start":{"line":97,"column":60},"end":{"line":97,"column":77}},{"start":{"line":97,"column":77},"end":{"line":97,"column":null}}],"line":97},"6":{"loc":{"start":{"line":117,"column":25},"end":{"line":117,"column":null}},"type":"binary-expr","locations":[{"start":{"line":117,"column":25},"end":{"line":117,"column":48}},{"start":{"line":117,"column":48},"end":{"line":117,"column":null}}],"line":117},"7":{"loc":{"start":{"line":120,"column":23},"end":{"line":122,"column":null}},"type":"cond-expr","locations":[{"start":{"line":121,"column":8},"end":{"line":121,"column":null}},{"start":{"line":122,"column":8},"end":{"line":122,"column":null}}],"line":120},"8":{"loc":{"start":{"line":121,"column":26},"end":{"line":121,"column":null}},"type":"cond-expr","locations":[{"start":{"line":121,"column":61},"end":{"line":121,"column":78}},{"start":{"line":121,"column":78},"end":{"line":121,"column":null}}],"line":121},"9":{"loc":{"start":{"line":144,"column":25},"end":{"line":144,"column":null}},"type":"binary-expr","locations":[{"start":{"line":144,"column":25},"end":{"line":144,"column":48}},{"start":{"line":144,"column":48},"end":{"line":144,"column":null}}],"line":144}},"s":{"0":2,"1":26,"2":26,"3":116,"4":26,"5":55,"6":55,"7":55,"8":0,"9":0,"10":8,"11":8,"12":8,"13":5,"14":8,"15":8,"16":8,"17":1,"18":8,"19":2,"20":2,"21":6,"22":8,"23":8,"24":8,"25":8,"26":2,"27":2,"28":2,"29":2},"f":{"0":26,"1":55,"2":0,"3":8,"4":2,"5":2,"6":2},"b":{"0":[5,3],"1":[7,1],"2":[1,7],"3":[8,4],"4":[2,6],"5":[1,1],"6":[8,1],"7":[2,6],"8":[1,1],"9":[2,1]},"meta":{"lastBranch":10,"lastFunction":7,"lastStatement":30,"seen":{"s:12:49:18:Infinity":0,"f:24:9:24:Infinity":0,"s:28:15:28:Infinity":1,"s:29:2:31:Infinity":2,"s:30:4:30:Infinity":3,"s:32:2:32:Infinity":4,"f:38:15:38:28":1,"s:39:8:39:Infinity":5,"s:40:2:44:Infinity":6,"s:41:4:41:Infinity":7,"s:43:4:43:Infinity":8,"f:50:9:50:22":2,"s:51:2:51:Infinity":9,"f:57:22:57:Infinity":3,"s:63:27:63:Infinity":10,"s:64:21:64:Infinity":11,"b:65:2:67:Infinity:undefined:undefined:undefined:undefined":0,"s:65:2:67:Infinity":12,"s:66:4:66:Infinity":13,"s:75:6:85:Infinity":14,"b:83:66:83:77:83:77:83:85":1,"s:88:22:88:Infinity":15,"b:89:2:92:Infinity:undefined:undefined:undefined:undefined":2,"s:89:2:92:Infinity":16,"b:89:6:89:43:89:43:89:80":3,"s:90:4:91:Infinity":17,"b:96:2:101:Infinity:99:9:101:Infinity":4,"s:96:2:101:Infinity":18,"s:97:25:97:Infinity":19,"b:97:60:97:77:97:77:97:Infinity":5,"s:98:4:98:Infinity":20,"s:100:4:100:Infinity":21,"s:104:32:107:Infinity":22,"s:110:32:112:Infinity":23,"s:115:18:129:Infinity":24,"b:117:25:117:48:117:48:117:Infinity":6,"b:121:8:121:Infinity:122:8:122:Infinity":7,"b:121:61:121:78:121:78:121:Infinity":8,"s:131:2:131:Infinity":25,"f:137:22:137:Infinity":4,"s:141:19:141:Infinity":26,"s:142:2:145:Infinity":27,"b:144:25:144:48:144:48:144:Infinity":9,"f:151:16:151:39":5,"s:152:2:152:Infinity":28,"f:158:16:158:33":6,"s:159:2:159:Infinity":29}}}
,"C:\\code\\ts\\vibe-helper\\src\\core\\prompts\\ai-engine.ts": {"path":"C:\\code\\ts\\vibe-helper\\src\\core\\prompts\\ai-engine.ts","statementMap":{"0":{"start":{"line":15,"column":22},"end":{"line":15,"column":null}},"1":{"start":{"line":21,"column":18},"end":{"line":41,"column":null}},"2":{"start":{"line":43,"column":2},"end":{"line":46,"column":null}},"3":{"start":{"line":44,"column":4},"end":{"line":44,"column":null}},"4":{"start":{"line":45,"column":4},"end":{"line":45,"column":null}},"5":{"start":{"line":49,"column":19},"end":{"line":49,"column":null}},"6":{"start":{"line":50,"column":2},"end":{"line":52,"column":null}},"7":{"start":{"line":51,"column":4},"end":{"line":51,"column":null}},"8":{"start":{"line":54,"column":2},"end":{"line":54,"column":null}}},"fnMap":{"0":{"name":"collectAiEngine","decl":{"start":{"line":20,"column":22},"end":{"line":20,"column":76}},"loc":{"start":{"line":20,"column":76},"end":{"line":55,"column":null}},"line":20}},"branchMap":{"0":{"loc":{"start":{"line":43,"column":2},"end":{"line":46,"column":null}},"type":"if","locations":[{"start":{"line":43,"column":2},"end":{"line":46,"column":null}},{"start":{},"end":{}}],"line":43},"1":{"loc":{"start":{"line":50,"column":2},"end":{"line":52,"column":null}},"type":"if","locations":[{"start":{"line":50,"column":2},"end":{"line":52,"column":null}},{"start":{},"end":{}}],"line":50}},"s":{"0":1,"1":0,"2":0,"3":0,"4":0,"5":0,"6":0,"7":0,"8":0},"f":{"0":0},"b":{"0":[0,0],"1":[0,0]},"meta":{"lastBranch":2,"lastFunction":1,"lastStatement":9,"seen":{"s:15:22:15:Infinity":0,"f:20:22:20:76":0,"s:21:18:41:Infinity":1,"b:43:2:46:Infinity:undefined:undefined:undefined:undefined":0,"s:43:2:46:Infinity":2,"s:44:4:44:Infinity":3,"s:45:4:45:Infinity":4,"s:49:19:49:Infinity":5,"b:50:2:52:Infinity:undefined:undefined:undefined:undefined":1,"s:50:2:52:Infinity":6,"s:51:4:51:Infinity":7,"s:54:2:54:Infinity":8}}}
,"C:\\code\\ts\\vibe-helper\\src\\core\\prompts\\confirm-overwrite.ts": {"path":"C:\\code\\ts\\vibe-helper\\src\\core\\prompts\\confirm-overwrite.ts","statementMap":{"0":{"start":{"line":19,"column":26},"end":{"line":22,"column":null}},"1":{"start":{"line":24,"column":2},"end":{"line":27,"column":null}},"2":{"start":{"line":25,"column":4},"end":{"line":25,"column":null}},"3":{"start":{"line":26,"column":4},"end":{"line":26,"column":null}},"4":{"start":{"line":29,"column":2},"end":{"line":29,"column":null}},"5":{"start":{"line":41,"column":32},"end":{"line":41,"column":null}},"6":{"start":{"line":43,"column":2},"end":{"line":52,"column":null}},"7":{"start":{"line":44,"column":19},"end":{"line":44,"column":null}},"8":{"start":{"line":45,"column":4},"end":{"line":47,"column":null}},"9":{"start":{"line":46,"column":6},"end":{"line":46,"column":null}},"10":{"start":{"line":48,"column":4},"end":{"line":50,"column":null}},"11":{"start":{"line":49,"column":6},"end":{"line":49,"column":null}},"12":{"start":{"line":54,"column":2},"end":{"line":54,"column":null}}},"fnMap":{"0":{"name":"confirmOverwrite","decl":{"start":{"line":18,"column":22},"end":{"line":18,"column":39}},"loc":{"start":{"line":18,"column":83},"end":{"line":30,"column":null}},"line":18},"1":{"name":"batchConfirmOverwrite","decl":{"start":{"line":38,"column":22},"end":{"line":38,"column":null}},"loc":{"start":{"line":40,"column":21},"end":{"line":55,"column":null}},"line":40}},"branchMap":{"0":{"loc":{"start":{"line":24,"column":2},"end":{"line":27,"column":null}},"type":"if","locations":[{"start":{"line":24,"column":2},"end":{"line":27,"column":null}},{"start":{},"end":{}}],"line":24},"1":{"loc":{"start":{"line":29,"column":9},"end":{"line":29,"column":null}},"type":"cond-expr","locations":[{"start":{"line":29,"column":27},"end":{"line":29,"column":41}},{"start":{"line":29,"column":41},"end":{"line":29,"column":null}}],"line":29},"2":{"loc":{"start":{"line":45,"column":4},"end":{"line":47,"column":null}},"type":"if","locations":[{"start":{"line":45,"column":4},"end":{"line":47,"column":null}},{"start":{},"end":{}}],"line":45},"3":{"loc":{"start":{"line":48,"column":4},"end":{"line":50,"column":null}},"type":"if","locations":[{"start":{"line":48,"column":4},"end":{"line":50,"column":null}},{"start":{},"end":{}}],"line":48}},"s":{"0":11,"1":11,"2":0,"3":0,"4":11,"5":4,"6":4,"7":8,"8":8,"9":0,"10":8,"11":4,"12":4},"f":{"0":11,"1":4},"b":{"0":[0,11],"1":[6,5],"2":[0,8],"3":[4,4]},"meta":{"lastBranch":4,"lastFunction":2,"lastStatement":13,"seen":{"f:18:22:18:39":0,"s:19:26:22:Infinity":0,"b:24:2:27:Infinity:undefined:undefined:undefined:undefined":0,"s:24:2:27:Infinity":1,"s:25:4:25:Infinity":2,"s:26:4:26:Infinity":3,"s:29:2:29:Infinity":4,"b:29:27:29:41:29:41:29:Infinity":1,"f:38:22:38:Infinity":1,"s:41:32:41:Infinity":5,"s:43:2:52:Infinity":6,"s:44:19:44:Infinity":7,"b:45:4:47:Infinity:undefined:undefined:undefined:undefined":2,"s:45:4:47:Infinity":8,"s:46:6:46:Infinity":9,"b:48:4:50:Infinity:undefined:undefined:undefined:undefined":3,"s:48:4:50:Infinity":10,"s:49:6:49:Infinity":11,"s:54:2:54:Infinity":12}}}
,"C:\\code\\ts\\vibe-helper\\src\\core\\prompts\\preview.ts": {"path":"C:\\code\\ts\\vibe-helper\\src\\core\\prompts\\preview.ts","statementMap":{"0":{"start":{"line":16,"column":50},"end":{"line":22,"column":null}},"1":{"start":{"line":25,"column":44},"end":{"line":29,"column":null}},"2":{"start":{"line":32,"column":44},"end":{"line":36,"column":null}},"3":{"start":{"line":43,"column":22},"end":{"line":45,"column":null}},"4":{"start":{"line":44,"column":17},"end":{"line":44,"column":69}},"5":{"start":{"line":47,"column":21},"end":{"line":49,"column":null}},"6":{"start":{"line":52,"column":4},"end":{"line":52,"column":null}},"7":{"start":{"line":54,"column":18},"end":{"line":65,"column":null}},"8":{"start":{"line":67,"column":2},"end":{"line":67,"column":null}},"9":{"start":{"line":69,"column":17},"end":{"line":78,"column":null}},"10":{"start":{"line":80,"column":2},"end":{"line":83,"column":null}},"11":{"start":{"line":81,"column":4},"end":{"line":81,"column":null}},"12":{"start":{"line":82,"column":4},"end":{"line":82,"column":null}},"13":{"start":{"line":85,"column":2},"end":{"line":87,"column":null}},"14":{"start":{"line":86,"column":4},"end":{"line":86,"column":null}},"15":{"start":{"line":90,"column":15},"end":{"line":90,"column":null}},"16":{"start":{"line":91,"column":2},"end":{"line":91,"column":null}}},"fnMap":{"0":{"name":"showPreview","decl":{"start":{"line":41,"column":22},"end":{"line":41,"column":34}},"loc":{"start":{"line":41,"column":80},"end":{"line":92,"column":null}},"line":41},"1":{"name":"(anonymous_1)","decl":{"start":{"line":44,"column":5},"end":{"line":44,"column":10}},"loc":{"start":{"line":44,"column":17},"end":{"line":44,"column":69}},"line":44}},"branchMap":{"0":{"loc":{"start":{"line":44,"column":17},"end":{"line":44,"column":69}},"type":"cond-expr","locations":[{"start":{"line":44,"column":42},"end":{"line":44,"column":61}},{"start":{"line":44,"column":61},"end":{"line":44,"column":69}}],"line":44},"1":{"loc":{"start":{"line":47,"column":21},"end":{"line":49,"column":null}},"type":"cond-expr","locations":[{"start":{"line":48,"column":6},"end":{"line":48,"column":null}},{"start":{"line":49,"column":6},"end":{"line":49,"column":null}}],"line":47},"2":{"loc":{"start":{"line":48,"column":16},"end":{"line":48,"column":62}},"type":"cond-expr","locations":[{"start":{"line":48,"column":51},"end":{"line":48,"column":57}},{"start":{"line":48,"column":57},"end":{"line":48,"column":62}}],"line":48},"3":{"loc":{"start":{"line":52,"column":4},"end":{"line":52,"column":null}},"type":"cond-expr","locations":[{"start":{"line":52,"column":32},"end":{"line":52,"column":59}},{"start":{"line":52,"column":59},"end":{"line":52,"column":null}}],"line":52},"4":{"loc":{"start":{"line":56,"column":4},"end":{"line":56,"column":null}},"type":"cond-expr","locations":[{"start":{"line":56,"column":26},"end":{"line":56,"column":62}},{"start":{"line":56,"column":62},"end":{"line":56,"column":null}}],"line":56},"5":{"loc":{"start":{"line":80,"column":2},"end":{"line":83,"column":null}},"type":"if","locations":[{"start":{"line":80,"column":2},"end":{"line":83,"column":null}},{"start":{},"end":{}}],"line":80},"6":{"loc":{"start":{"line":85,"column":2},"end":{"line":87,"column":null}},"type":"if","locations":[{"start":{"line":85,"column":2},"end":{"line":87,"column":null}},{"start":{},"end":{}}],"line":85}},"s":{"0":2,"1":2,"2":2,"3":12,"4":13,"5":12,"6":12,"7":12,"8":12,"9":12,"10":12,"11":0,"12":0,"13":12,"14":8,"15":4,"16":4},"f":{"0":12,"1":13},"b":{"0":[12,1],"1":[2,10],"2":[1,1],"3":[1,11],"4":[11,1],"5":[0,12],"6":[8,4]},"meta":{"lastBranch":7,"lastFunction":2,"lastStatement":17,"seen":{"s:16:50:22:Infinity":0,"s:25:44:29:Infinity":1,"s:32:44:36:Infinity":2,"f:41:22:41:34":0,"s:43:22:45:Infinity":3,"f:44:5:44:10":1,"s:44:17:44:69":4,"b:44:42:44:61:44:61:44:69":0,"s:47:21:49:Infinity":5,"b:48:6:48:Infinity:49:6:49:Infinity":1,"b:48:51:48:57:48:57:48:62":2,"s:52:4:52:Infinity":6,"b:52:32:52:59:52:59:52:Infinity":3,"s:54:18:65:Infinity":7,"b:56:26:56:62:56:62:56:Infinity":4,"s:67:2:67:Infinity":8,"s:69:17:78:Infinity":9,"b:80:2:83:Infinity:undefined:undefined:undefined:undefined":5,"s:80:2:83:Infinity":10,"s:81:4:81:Infinity":11,"s:82:4:82:Infinity":12,"b:85:2:87:Infinity:undefined:undefined:undefined:undefined":6,"s:85:2:87:Infinity":13,"s:86:4:86:Infinity":14,"s:90:15:90:Infinity":15,"s:91:2:91:Infinity":16}}}
,"C:\\code\\ts\\vibe-helper\\src\\core\\prompts\\project-info.ts": {"path":"C:\\code\\ts\\vibe-helper\\src\\core\\prompts\\project-info.ts","statementMap":{"0":{"start":{"line":21,"column":8},"end":{"line":21,"column":null}},"1":{"start":{"line":27,"column":2},"end":{"line":75,"column":null}},"2":{"start":{"line":28,"column":4},"end":{"line":36,"column":null}},"3":{"start":{"line":33,"column":8},"end":{"line":33,"column":null}},"4":{"start":{"line":33,"column":32},"end":{"line":33,"column":null}},"5":{"start":{"line":34,"column":8},"end":{"line":34,"column":null}},"6":{"start":{"line":38,"column":4},"end":{"line":41,"column":null}},"7":{"start":{"line":39,"column":6},"end":{"line":39,"column":null}},"8":{"start":{"line":40,"column":6},"end":{"line":40,"column":null}},"9":{"start":{"line":43,"column":4},"end":{"line":47,"column":null}},"10":{"start":{"line":49,"column":4},"end":{"line":52,"column":null}},"11":{"start":{"line":50,"column":6},"end":{"line":50,"column":null}},"12":{"start":{"line":51,"column":6},"end":{"line":51,"column":null}},"13":{"start":{"line":55,"column":23},"end":{"line":55,"column":null}},"14":{"start":{"line":56,"column":23},"end":{"line":56,"column":null}},"15":{"start":{"line":58,"column":22},"end":{"line":61,"column":null}},"16":{"start":{"line":63,"column":4},"end":{"line":66,"column":null}},"17":{"start":{"line":64,"column":6},"end":{"line":64,"column":null}},"18":{"start":{"line":65,"column":6},"end":{"line":65,"column":null}},"19":{"start":{"line":68,"column":4},"end":{"line":73,"column":null}},"20":{"start":{"line":69,"column":6},"end":{"line":72,"column":null}}},"fnMap":{"0":{"name":"collectProjectInfo","decl":{"start":{"line":20,"column":22},"end":{"line":20,"column":82}},"loc":{"start":{"line":20,"column":82},"end":{"line":76,"column":null}},"line":20},"1":{"name":"(anonymous_1)","decl":{"start":{"line":32,"column":6},"end":{"line":32,"column":15}},"loc":{"start":{"line":32,"column":30},"end":{"line":35,"column":null}},"line":32}},"branchMap":{"0":{"loc":{"start":{"line":33,"column":8},"end":{"line":33,"column":null}},"type":"if","locations":[{"start":{"line":33,"column":8},"end":{"line":33,"column":null}},{"start":{},"end":{}}],"line":33},"1":{"loc":{"start":{"line":38,"column":4},"end":{"line":41,"column":null}},"type":"if","locations":[{"start":{"line":38,"column":4},"end":{"line":41,"column":null}},{"start":{},"end":{}}],"line":38},"2":{"loc":{"start":{"line":49,"column":4},"end":{"line":52,"column":null}},"type":"if","locations":[{"start":{"line":49,"column":4},"end":{"line":52,"column":null}},{"start":{},"end":{}}],"line":49},"3":{"loc":{"start":{"line":55,"column":23},"end":{"line":55,"column":null}},"type":"binary-expr","locations":[{"start":{"line":55,"column":23},"end":{"line":55,"column":56}},{"start":{"line":55,"column":56},"end":{"line":55,"column":null}}],"line":55},"4":{"loc":{"start":{"line":59,"column":38},"end":{"line":59,"column":80}},"type":"cond-expr","locations":[{"start":{"line":59,"column":50},"end":{"line":59,"column":77}},{"start":{"line":59,"column":77},"end":{"line":59,"column":80}}],"line":59},"5":{"loc":{"start":{"line":63,"column":4},"end":{"line":66,"column":null}},"type":"if","locations":[{"start":{"line":63,"column":4},"end":{"line":66,"column":null}},{"start":{},"end":{}}],"line":63},"6":{"loc":{"start":{"line":68,"column":4},"end":{"line":73,"column":null}},"type":"if","locations":[{"start":{"line":68,"column":4},"end":{"line":73,"column":null}},{"start":{},"end":{}}],"line":68}},"s":{"0":0,"1":0,"2":0,"3":0,"4":0,"5":0,"6":0,"7":0,"8":0,"9":0,"10":0,"11":0,"12":0,"13":0,"14":0,"15":0,"16":0,"17":0,"18":0,"19":0,"20":0},"f":{"0":0,"1":0},"b":{"0":[0,0],"1":[0,0],"2":[0,0],"3":[0,0],"4":[0,0],"5":[0,0],"6":[0,0]},"meta":{"lastBranch":7,"lastFunction":2,"lastStatement":21,"seen":{"f:20:22:20:82":0,"s:21:8:21:Infinity":0,"s:27:2:75:Infinity":1,"s:28:4:36:Infinity":2,"f:32:6:32:15":1,"b:33:8:33:Infinity:undefined:undefined:undefined:undefined":0,"s:33:8:33:Infinity":3,"s:33:32:33:Infinity":4,"s:34:8:34:Infinity":5,"b:38:4:41:Infinity:undefined:undefined:undefined:undefined":1,"s:38:4:41:Infinity":6,"s:39:6:39:Infinity":7,"s:40:6:40:Infinity":8,"s:43:4:47:Infinity":9,"b:49:4:52:Infinity:undefined:undefined:undefined:undefined":2,"s:49:4:52:Infinity":10,"s:50:6:50:Infinity":11,"s:51:6:51:Infinity":12,"s:55:23:55:Infinity":13,"b:55:23:55:56:55:56:55:Infinity":3,"s:56:23:56:Infinity":14,"s:58:22:61:Infinity":15,"b:59:50:59:77:59:77:59:80":4,"b:63:4:66:Infinity:undefined:undefined:undefined:undefined":5,"s:63:4:66:Infinity":16,"s:64:6:64:Infinity":17,"s:65:6:65:Infinity":18,"b:68:4:73:Infinity:undefined:undefined:undefined:undefined":6,"s:68:4:73:Infinity":19,"s:69:6:72:Infinity":20}}}
,"C:\\code\\ts\\vibe-helper\\src\\core\\prompts\\tech-stack.ts": {"path":"C:\\code\\ts\\vibe-helper\\src\\core\\prompts\\tech-stack.ts","statementMap":{"0":{"start":{"line":24,"column":22},"end":{"line":24,"column":null}},"1":{"start":{"line":27,"column":50},"end":{"line":33,"column":null}},"2":{"start":{"line":42,"column":2},"end":{"line":118,"column":null}},"3":{"start":{"line":43,"column":4},"end":{"line":51,"column":null}},"4":{"start":{"line":47,"column":31},"end":{"line":47,"column":null}},"5":{"start":{"line":53,"column":4},"end":{"line":56,"column":null}},"6":{"start":{"line":54,"column":6},"end":{"line":54,"column":null}},"7":{"start":{"line":55,"column":6},"end":{"line":55,"column":null}},"8":{"start":{"line":58,"column":4},"end":{"line":60,"column":null}},"9":{"start":{"line":59,"column":6},"end":{"line":59,"column":null}},"10":{"start":{"line":63,"column":17},"end":{"line":63,"column":null}},"11":{"start":{"line":64,"column":28},"end":{"line":67,"column":null}},"12":{"start":{"line":64,"column":69},"end":{"line":67,"column":6}},"13":{"start":{"line":69,"column":25},"end":{"line":75,"column":null}},"14":{"start":{"line":77,"column":4},"end":{"line":80,"column":null}},"15":{"start":{"line":78,"column":6},"end":{"line":78,"column":null}},"16":{"start":{"line":79,"column":6},"end":{"line":79,"column":null}},"17":{"start":{"line":82,"column":4},"end":{"line":84,"column":null}},"18":{"start":{"line":83,"column":6},"end":{"line":83,"column":null}},"19":{"start":{"line":88,"column":4},"end":{"line":108,"column":null}},"20":{"start":{"line":89,"column":22},"end":{"line":96,"column":null}},"21":{"start":{"line":98,"column":6},"end":{"line":101,"column":null}},"22":{"start":{"line":99,"column":8},"end":{"line":99,"column":null}},"23":{"start":{"line":100,"column":8},"end":{"line":100,"column":null}},"24":{"start":{"line":103,"column":6},"end":{"line":105,"column":null}},"25":{"start":{"line":104,"column":8},"end":{"line":104,"column":null}},"26":{"start":{"line":107,"column":6},"end":{"line":107,"column":null}},"27":{"start":{"line":110,"column":4},"end":{"line":117,"column":null}}},"fnMap":{"0":{"name":"collectTechStack","decl":{"start":{"line":38,"column":22},"end":{"line":38,"column":78}},"loc":{"start":{"line":38,"column":78},"end":{"line":119,"column":null}},"line":38},"1":{"name":"(anonymous_1)","decl":{"start":{"line":46,"column":69},"end":{"line":46,"column":null}},"loc":{"start":{"line":47,"column":31},"end":{"line":47,"column":null}},"line":47},"2":{"name":"(anonymous_2)","decl":{"start":{"line":64,"column":54},"end":{"line":64,"column":59}},"loc":{"start":{"line":64,"column":69},"end":{"line":67,"column":6}},"line":64}},"branchMap":{"0":{"loc":{"start":{"line":53,"column":4},"end":{"line":56,"column":null}},"type":"if","locations":[{"start":{"line":53,"column":4},"end":{"line":56,"column":null}},{"start":{},"end":{}}],"line":53},"1":{"loc":{"start":{"line":58,"column":4},"end":{"line":60,"column":null}},"type":"if","locations":[{"start":{"line":58,"column":4},"end":{"line":60,"column":null}},{"start":{},"end":{}}],"line":58},"2":{"loc":{"start":{"line":77,"column":4},"end":{"line":80,"column":null}},"type":"if","locations":[{"start":{"line":77,"column":4},"end":{"line":80,"column":null}},{"start":{},"end":{}}],"line":77},"3":{"loc":{"start":{"line":82,"column":4},"end":{"line":84,"column":null}},"type":"if","locations":[{"start":{"line":82,"column":4},"end":{"line":84,"column":null}},{"start":{},"end":{}}],"line":82},"4":{"loc":{"start":{"line":88,"column":4},"end":{"line":108,"column":null}},"type":"if","locations":[{"start":{"line":88,"column":4},"end":{"line":108,"column":null}},{"start":{},"end":{}}],"line":88},"5":{"loc":{"start":{"line":88,"column":8},"end":{"line":88,"column":48}},"type":"binary-expr","locations":[{"start":{"line":88,"column":8},"end":{"line":88,"column":29}},{"start":{"line":88,"column":29},"end":{"line":88,"column":48}}],"line":88},"6":{"loc":{"start":{"line":98,"column":6},"end":{"line":101,"column":null}},"type":"if","locations":[{"start":{"line":98,"column":6},"end":{"line":101,"column":null}},{"start":{},"end":{}}],"line":98},"7":{"loc":{"start":{"line":103,"column":6},"end":{"line":105,"column":null}},"type":"if","locations":[{"start":{"line":103,"column":6},"end":{"line":105,"column":null}},{"start":{},"end":{}}],"line":103}},"s":{"0":1,"1":1,"2":0,"3":0,"4":0,"5":0,"6":0,"7":0,"8":0,"9":0,"10":0,"11":0,"12":0,"13":0,"14":0,"15":0,"16":0,"17":0,"18":0,"19":0,"20":0,"21":0,"22":0,"23":0,"24":0,"25":0,"26":0,"27":0},"f":{"0":0,"1":0,"2":0},"b":{"0":[0,0],"1":[0,0],"2":[0,0],"3":[0,0],"4":[0,0],"5":[0,0],"6":[0,0],"7":[0,0]},"meta":{"lastBranch":8,"lastFunction":3,"lastStatement":28,"seen":{"s:24:22:24:Infinity":0,"s:27:50:33:Infinity":1,"f:38:22:38:78":0,"s:42:2:118:Infinity":2,"s:43:4:51:Infinity":3,"f:46:69:46:Infinity":1,"s:47:31:47:Infinity":4,"b:53:4:56:Infinity:undefined:undefined:undefined:undefined":0,"s:53:4:56:Infinity":5,"s:54:6:54:Infinity":6,"s:55:6:55:Infinity":7,"b:58:4:60:Infinity:undefined:undefined:undefined:undefined":1,"s:58:4:60:Infinity":8,"s:59:6:59:Infinity":9,"s:63:17:63:Infinity":10,"s:64:28:67:Infinity":11,"f:64:54:64:59":2,"s:64:69:67:6":12,"s:69:25:75:Infinity":13,"b:77:4:80:Infinity:undefined:undefined:undefined:undefined":2,"s:77:4:80:Infinity":14,"s:78:6:78:Infinity":15,"s:79:6:79:Infinity":16,"b:82:4:84:Infinity:undefined:undefined:undefined:undefined":3,"s:82:4:84:Infinity":17,"s:83:6:83:Infinity":18,"b:88:4:108:Infinity:undefined:undefined:undefined:undefined":4,"s:88:4:108:Infinity":19,"b:88:8:88:29:88:29:88:48":5,"s:89:22:96:Infinity":20,"b:98:6:101:Infinity:undefined:undefined:undefined:undefined":6,"s:98:6:101:Infinity":21,"s:99:8:99:Infinity":22,"s:100:8:100:Infinity":23,"b:103:6:105:Infinity:undefined:undefined:undefined:undefined":7,"s:103:6:105:Infinity":24,"s:104:8:104:Infinity":25,"s:107:6:107:Infinity":26,"s:110:4:117:Infinity":27}}}
,"C:\\code\\ts\\vibe-helper\\src\\core\\prompts\\workflow.ts": {"path":"C:\\code\\ts\\vibe-helper\\src\\core\\prompts\\workflow.ts","statementMap":{"0":{"start":{"line":20,"column":22},"end":{"line":20,"column":null}},"1":{"start":{"line":39,"column":23},"end":{"line":64,"column":null}},"2":{"start":{"line":66,"column":2},"end":{"line":69,"column":null}},"3":{"start":{"line":67,"column":4},"end":{"line":67,"column":null}},"4":{"start":{"line":68,"column":4},"end":{"line":68,"column":null}},"5":{"start":{"line":71,"column":2},"end":{"line":73,"column":null}},"6":{"start":{"line":72,"column":4},"end":{"line":72,"column":null}},"7":{"start":{"line":76,"column":2},"end":{"line":95,"column":null}},"8":{"start":{"line":77,"column":4},"end":{"line":84,"column":null}},"9":{"start":{"line":86,"column":24},"end":{"line":89,"column":null}},"10":{"start":{"line":91,"column":4},"end":{"line":94,"column":null}},"11":{"start":{"line":92,"column":6},"end":{"line":92,"column":null}},"12":{"start":{"line":93,"column":6},"end":{"line":93,"column":null}},"13":{"start":{"line":98,"column":24},"end":{"line":118,"column":null}},"14":{"start":{"line":120,"column":2},"end":{"line":123,"column":null}},"15":{"start":{"line":121,"column":4},"end":{"line":121,"column":null}},"16":{"start":{"line":122,"column":4},"end":{"line":122,"column":null}},"17":{"start":{"line":125,"column":2},"end":{"line":127,"column":null}},"18":{"start":{"line":126,"column":4},"end":{"line":126,"column":null}},"19":{"start":{"line":130,"column":24},"end":{"line":150,"column":null}},"20":{"start":{"line":152,"column":2},"end":{"line":155,"column":null}},"21":{"start":{"line":153,"column":4},"end":{"line":153,"column":null}},"22":{"start":{"line":154,"column":4},"end":{"line":154,"column":null}},"23":{"start":{"line":157,"column":2},"end":{"line":159,"column":null}},"24":{"start":{"line":158,"column":4},"end":{"line":158,"column":null}},"25":{"start":{"line":162,"column":17},"end":{"line":162,"column":null}},"26":{"start":{"line":164,"column":2},"end":{"line":172,"column":null}},"27":{"start":{"line":180,"column":17},"end":{"line":180,"column":null}},"28":{"start":{"line":181,"column":2},"end":{"line":183,"column":null}},"29":{"start":{"line":182,"column":4},"end":{"line":182,"column":null}},"30":{"start":{"line":185,"column":2},"end":{"line":210,"column":null}},"31":{"start":{"line":186,"column":20},"end":{"line":186,"column":null}},"32":{"start":{"line":187,"column":22},"end":{"line":187,"column":null}},"33":{"start":{"line":187,"column":44},"end":{"line":187,"column":59}},"34":{"start":{"line":187,"column":72},"end":{"line":187,"column":78}},"35":{"start":{"line":189,"column":4},"end":{"line":191,"column":null}},"36":{"start":{"line":190,"column":6},"end":{"line":190,"column":null}},"37":{"start":{"line":193,"column":21},"end":{"line":200,"column":null}},"38":{"start":{"line":195,"column":40},"end":{"line":198,"column":8}},"39":{"start":{"line":202,"column":4},"end":{"line":205,"column":null}},"40":{"start":{"line":203,"column":6},"end":{"line":203,"column":null}},"41":{"start":{"line":204,"column":6},"end":{"line":204,"column":null}},"42":{"start":{"line":207,"column":4},"end":{"line":207,"column":null}},"43":{"start":{"line":209,"column":4},"end":{"line":209,"column":null}}},"fnMap":{"0":{"name":"collectWorkflow","decl":{"start":{"line":35,"column":22},"end":{"line":35,"column":null}},"loc":{"start":{"line":37,"column":38},"end":{"line":173,"column":null}},"line":37},"1":{"name":"collectSkills","decl":{"start":{"line":178,"column":15},"end":{"line":178,"column":29}},"loc":{"start":{"line":178,"column":72},"end":{"line":211,"column":null}},"line":178},"2":{"name":"(anonymous_2)","decl":{"start":{"line":187,"column":30},"end":{"line":187,"column":38}},"loc":{"start":{"line":187,"column":44},"end":{"line":187,"column":59}},"line":187},"3":{"name":"(anonymous_3)","decl":{"start":{"line":187,"column":61},"end":{"line":187,"column":66}},"loc":{"start":{"line":187,"column":72},"end":{"line":187,"column":78}},"line":187},"4":{"name":"(anonymous_4)","decl":{"start":{"line":195,"column":25},"end":{"line":195,"column":30}},"loc":{"start":{"line":195,"column":40},"end":{"line":198,"column":8}},"line":195}},"branchMap":{"0":{"loc":{"start":{"line":66,"column":2},"end":{"line":69,"column":null}},"type":"if","locations":[{"start":{"line":66,"column":2},"end":{"line":69,"column":null}},{"start":{},"end":{}}],"line":66},"1":{"loc":{"start":{"line":71,"column":2},"end":{"line":73,"column":null}},"type":"if","locations":[{"start":{"line":71,"column":2},"end":{"line":73,"column":null}},{"start":{},"end":{}}],"line":71},"2":{"loc":{"start":{"line":76,"column":2},"end":{"line":95,"column":null}},"type":"if","locations":[{"start":{"line":76,"column":2},"end":{"line":95,"column":null}},{"start":{},"end":{}}],"line":76},"3":{"loc":{"start":{"line":91,"column":4},"end":{"line":94,"column":null}},"type":"if","locations":[{"start":{"line":91,"column":4},"end":{"line":94,"column":null}},{"start":{},"end":{}}],"line":91},"4":{"loc":{"start":{"line":91,"column":4},"end":{"line":91,"column":47}},"type":"binary-expr","locations":[{"start":{"line":91,"column":4},"end":{"line":91,"column":33}},{"start":{"line":91,"column":33},"end":{"line":91,"column":47}}],"line":91},"5":{"loc":{"start":{"line":120,"column":2},"end":{"line":123,"column":null}},"type":"if","locations":[{"start":{"line":120,"column":2},"end":{"line":123,"column":null}},{"start":{},"end":{}}],"line":120},"6":{"loc":{"start":{"line":125,"column":2},"end":{"line":127,"column":null}},"type":"if","locations":[{"start":{"line":125,"column":2},"end":{"line":127,"column":null}},{"start":{},"end":{}}],"line":125},"7":{"loc":{"start":{"line":152,"column":2},"end":{"line":155,"column":null}},"type":"if","locations":[{"start":{"line":152,"column":2},"end":{"line":155,"column":null}},{"start":{},"end":{}}],"line":152},"8":{"loc":{"start":{"line":157,"column":2},"end":{"line":159,"column":null}},"type":"if","locations":[{"start":{"line":157,"column":2},"end":{"line":159,"column":null}},{"start":{},"end":{}}],"line":157},"9":{"loc":{"start":{"line":181,"column":2},"end":{"line":183,"column":null}},"type":"if","locations":[{"start":{"line":181,"column":2},"end":{"line":183,"column":null}},{"start":{},"end":{}}],"line":181},"10":{"loc":{"start":{"line":189,"column":4},"end":{"line":191,"column":null}},"type":"if","locations":[{"start":{"line":189,"column":4},"end":{"line":191,"column":null}},{"start":{},"end":{}}],"line":189},"11":{"loc":{"start":{"line":202,"column":4},"end":{"line":205,"column":null}},"type":"if","locations":[{"start":{"line":202,"column":4},"end":{"line":205,"column":null}},{"start":{},"end":{}}],"line":202},"12":{"loc":{"start":{"line":207,"column":12},"end":{"line":207,"column":null}},"type":"binary-expr","locations":[{"start":{"line":207,"column":12},"end":{"line":207,"column":37}},{"start":{"line":207,"column":37},"end":{"line":207,"column":null}}],"line":207}},"s":{"0":1,"1":0,"2":0,"3":0,"4":0,"5":0,"6":0,"7":0,"8":0,"9":0,"10":0,"11":0,"12":0,"13":0,"14":0,"15":0,"16":0,"17":0,"18":0,"19":0,"20":0,"21":0,"22":0,"23":0,"24":0,"25":0,"26":0,"27":0,"28":0,"29":0,"30":0,"31":0,"32":0,"33":0,"34":0,"35":0,"36":0,"37":0,"38":0,"39":0,"40":0,"41":0,"42":0,"43":0},"f":{"0":0,"1":0,"2":0,"3":0,"4":0},"b":{"0":[0,0],"1":[0,0],"2":[0,0],"3":[0,0],"4":[0,0],"5":[0,0],"6":[0,0],"7":[0,0],"8":[0,0],"9":[0,0],"10":[0,0],"11":[0,0],"12":[0,0]},"meta":{"lastBranch":13,"lastFunction":5,"lastStatement":44,"seen":{"s:20:22:20:Infinity":0,"f:35:22:35:Infinity":0,"s:39:23:64:Infinity":1,"b:66:2:69:Infinity:undefined:undefined:undefined:undefined":0,"s:66:2:69:Infinity":2,"s:67:4:67:Infinity":3,"s:68:4:68:Infinity":4,"b:71:2:73:Infinity:undefined:undefined:undefined:undefined":1,"s:71:2:73:Infinity":5,"s:72:4:72:Infinity":6,"b:76:2:95:Infinity:undefined:undefined:undefined:undefined":2,"s:76:2:95:Infinity":7,"s:77:4:84:Infinity":8,"s:86:24:89:Infinity":9,"b:91:4:94:Infinity:undefined:undefined:undefined:undefined":3,"s:91:4:94:Infinity":10,"b:91:4:91:33:91:33:91:47":4,"s:92:6:92:Infinity":11,"s:93:6:93:Infinity":12,"s:98:24:118:Infinity":13,"b:120:2:123:Infinity:undefined:undefined:undefined:undefined":5,"s:120:2:123:Infinity":14,"s:121:4:121:Infinity":15,"s:122:4:122:Infinity":16,"b:125:2:127:Infinity:undefined:undefined:undefined:undefined":6,"s:125:2:127:Infinity":17,"s:126:4:126:Infinity":18,"s:130:24:150:Infinity":19,"b:152:2:155:Infinity:undefined:undefined:undefined:undefined":7,"s:152:2:155:Infinity":20,"s:153:4:153:Infinity":21,"s:154:4:154:Infinity":22,"b:157:2:159:Infinity:undefined:undefined:undefined:undefined":8,"s:157:2:159:Infinity":23,"s:158:4:158:Infinity":24,"s:162:17:162:Infinity":25,"s:164:2:172:Infinity":26,"f:178:15:178:29":1,"s:180:17:180:Infinity":27,"b:181:2:183:Infinity:undefined:undefined:undefined:undefined":9,"s:181:2:183:Infinity":28,"s:182:4:182:Infinity":29,"s:185:2:210:Infinity":30,"s:186:20:186:Infinity":31,"s:187:22:187:Infinity":32,"f:187:30:187:38":2,"s:187:44:187:59":33,"f:187:61:187:66":3,"s:187:72:187:78":34,"b:189:4:191:Infinity:undefined:undefined:undefined:undefined":10,"s:189:4:191:Infinity":35,"s:190:6:190:Infinity":36,"s:193:21:200:Infinity":37,"f:195:25:195:30":4,"s:195:40:198:8":38,"b:202:4:205:Infinity:undefined:undefined:undefined:undefined":11,"s:202:4:205:Infinity":39,"s:203:6:203:Infinity":40,"s:204:6:204:Infinity":41,"s:207:4:207:Infinity":42,"b:207:12:207:37:207:37:207:Infinity":12,"s:209:4:209:Infinity":43}}}
,"C:\\code\\ts\\vibe-helper\\src\\core\\utils\\error-handler.ts": {"path":"C:\\code\\ts\\vibe-helper\\src\\core\\utils\\error-handler.ts","statementMap":{"0":{"start":{"line":12,"column":48},"end":{"line":20,"column":null}},"1":{"start":{"line":26,"column":2},"end":{"line":28,"column":null}},"2":{"start":{"line":27,"column":4},"end":{"line":27,"column":null}},"3":{"start":{"line":29,"column":2},"end":{"line":29,"column":null}},"4":{"start":{"line":37,"column":17},"end":{"line":37,"column":null}},"5":{"start":{"line":39,"column":2},"end":{"line":42,"column":null}},"6":{"start":{"line":40,"column":4},"end":{"line":40,"column":null}},"7":{"start":{"line":41,"column":4},"end":{"line":41,"column":null}},"8":{"start":{"line":44,"column":18},"end":{"line":44,"column":null}},"9":{"start":{"line":45,"column":2},"end":{"line":45,"column":null}},"10":{"start":{"line":46,"column":2},"end":{"line":46,"column":null}},"11":{"start":{"line":56,"column":2},"end":{"line":60,"column":null}},"12":{"start":{"line":57,"column":4},"end":{"line":57,"column":null}},"13":{"start":{"line":59,"column":4},"end":{"line":59,"column":null}},"14":{"start":{"line":67,"column":2},"end":{"line":67,"column":null}},"15":{"start":{"line":68,"column":2},"end":{"line":68,"column":null}}},"fnMap":{"0":{"name":"friendlyMessage","decl":{"start":{"line":25,"column":9},"end":{"line":25,"column":25}},"loc":{"start":{"line":25,"column":61},"end":{"line":30,"column":null}},"line":25},"1":{"name":"handleError","decl":{"start":{"line":36,"column":16},"end":{"line":36,"column":28}},"loc":{"start":{"line":36,"column":67},"end":{"line":47,"column":null}},"line":36},"2":{"name":"safeExecute","decl":{"start":{"line":52,"column":22},"end":{"line":52,"column":null}},"loc":{"start":{"line":55,"column":14},"end":{"line":61,"column":null}},"line":55},"3":{"name":"gracefulExit","decl":{"start":{"line":66,"column":16},"end":{"line":66,"column":29}},"loc":{"start":{"line":66,"column":54},"end":{"line":69,"column":null}},"line":66}},"branchMap":{"0":{"loc":{"start":{"line":26,"column":2},"end":{"line":28,"column":null}},"type":"if","locations":[{"start":{"line":26,"column":2},"end":{"line":28,"column":null}},{"start":{},"end":{}}],"line":26},"1":{"loc":{"start":{"line":26,"column":6},"end":{"line":26,"column":45}},"type":"binary-expr","locations":[{"start":{"line":26,"column":6},"end":{"line":26,"column":18}},{"start":{"line":26,"column":18},"end":{"line":26,"column":45}}],"line":26},"2":{"loc":{"start":{"line":29,"column":9},"end":{"line":29,"column":null}},"type":"binary-expr","locations":[{"start":{"line":29,"column":9},"end":{"line":29,"column":24}},{"start":{"line":29,"column":24},"end":{"line":29,"column":null}}],"line":29},"3":{"loc":{"start":{"line":37,"column":17},"end":{"line":37,"column":null}},"type":"cond-expr","locations":[{"start":{"line":37,"column":27},"end":{"line":37,"column":45}},{"start":{"line":37,"column":45},"end":{"line":37,"column":null}}],"line":37},"4":{"loc":{"start":{"line":39,"column":2},"end":{"line":42,"column":null}},"type":"if","locations":[{"start":{"line":39,"column":2},"end":{"line":42,"column":null}},{"start":{},"end":{}}],"line":39},"5":{"loc":{"start":{"line":39,"column":6},"end":{"line":39,"column":45}},"type":"binary-expr","locations":[{"start":{"line":39,"column":6},"end":{"line":39,"column":30}},{"start":{"line":39,"column":30},"end":{"line":39,"column":45}}],"line":39},"6":{"loc":{"start":{"line":44,"column":18},"end":{"line":44,"column":null}},"type":"cond-expr","locations":[{"start":{"line":44,"column":41},"end":{"line":44,"column":55}},{"start":{"line":44,"column":55},"end":{"line":44,"column":null}}],"line":44},"7":{"loc":{"start":{"line":67,"column":8},"end":{"line":67,"column":41}},"type":"binary-expr","locations":[{"start":{"line":67,"column":8},"end":{"line":67,"column":19}},{"start":{"line":67,"column":19},"end":{"line":67,"column":41}}],"line":67}},"s":{"0":2,"1":9,"2":8,"3":1,"4":15,"5":15,"6":9,"7":9,"8":15,"9":15,"10":15,"11":3,"12":3,"13":1,"14":2,"15":2},"f":{"0":9,"1":15,"2":3,"3":2},"b":{"0":[8,1],"1":[9,9],"2":[1,0],"3":[2,13],"4":[9,6],"5":[15,11],"6":[11,4],"7":[2,1]},"meta":{"lastBranch":8,"lastFunction":4,"lastStatement":16,"seen":{"s:12:48:20:Infinity":0,"f:25:9:25:25":0,"b:26:2:28:Infinity:undefined:undefined:undefined:undefined":0,"s:26:2:28:Infinity":1,"b:26:6:26:18:26:18:26:45":1,"s:27:4:27:Infinity":2,"s:29:2:29:Infinity":3,"b:29:9:29:24:29:24:29:Infinity":2,"f:36:16:36:28":1,"s:37:17:37:Infinity":4,"b:37:27:37:45:37:45:37:Infinity":3,"b:39:2:42:Infinity:undefined:undefined:undefined:undefined":4,"s:39:2:42:Infinity":5,"b:39:6:39:30:39:30:39:45":5,"s:40:4:40:Infinity":6,"s:41:4:41:Infinity":7,"s:44:18:44:Infinity":8,"b:44:41:44:55:44:55:44:Infinity":6,"s:45:2:45:Infinity":9,"s:46:2:46:Infinity":10,"f:52:22:52:Infinity":2,"s:56:2:60:Infinity":11,"s:57:4:57:Infinity":12,"s:59:4:59:Infinity":13,"f:66:16:66:29":3,"s:67:2:67:Infinity":14,"b:67:8:67:19:67:19:67:41":7,"s:68:2:68:Infinity":15}}}
,"C:\\code\\ts\\vibe-helper\\src\\core\\utils\\file-check.ts": {"path":"C:\\code\\ts\\vibe-helper\\src\\core\\utils\\file-check.ts","statementMap":{"0":{"start":{"line":15,"column":2},"end":{"line":15,"column":null}},"1":{"start":{"line":25,"column":29},"end":{"line":25,"column":null}},"2":{"start":{"line":26,"column":2},"end":{"line":31,"column":null}},"3":{"start":{"line":27,"column":10},"end":{"line":27,"column":null}},"4":{"start":{"line":28,"column":4},"end":{"line":30,"column":null}},"5":{"start":{"line":29,"column":6},"end":{"line":29,"column":null}},"6":{"start":{"line":32,"column":2},"end":{"line":32,"column":null}},"7":{"start":{"line":41,"column":8},"end":{"line":41,"column":null}},"8":{"start":{"line":42,"column":8},"end":{"line":42,"column":null}},"9":{"start":{"line":44,"column":8},"end":{"line":44,"column":null}},"10":{"start":{"line":45,"column":2},"end":{"line":45,"column":null}}},"fnMap":{"0":{"name":"fileExists","decl":{"start":{"line":14,"column":22},"end":{"line":14,"column":33}},"loc":{"start":{"line":14,"column":71},"end":{"line":16,"column":null}},"line":14},"1":{"name":"findExistingFiles","decl":{"start":{"line":21,"column":22},"end":{"line":21,"column":null}},"loc":{"start":{"line":24,"column":21},"end":{"line":33,"column":null}},"line":24},"2":{"name":"getResPath","decl":{"start":{"line":40,"column":16},"end":{"line":40,"column":27}},"loc":{"start":{"line":40,"column":58},"end":{"line":46,"column":null}},"line":40}},"branchMap":{"0":{"loc":{"start":{"line":28,"column":4},"end":{"line":30,"column":null}},"type":"if","locations":[{"start":{"line":28,"column":4},"end":{"line":30,"column":null}},{"start":{},"end":{}}],"line":28}},"s":{"0":16,"1":5,"2":5,"3":11,"4":11,"5":6,"6":5,"7":3,"8":3,"9":3,"10":3},"f":{"0":16,"1":5,"2":3},"b":{"0":[6,5]},"meta":{"lastBranch":1,"lastFunction":3,"lastStatement":11,"seen":{"f:14:22:14:33":0,"s:15:2:15:Infinity":0,"f:21:22:21:Infinity":1,"s:25:29:25:Infinity":1,"s:26:2:31:Infinity":2,"s:27:10:27:Infinity":3,"b:28:4:30:Infinity:undefined:undefined:undefined:undefined":0,"s:28:4:30:Infinity":4,"s:29:6:29:Infinity":5,"s:32:2:32:Infinity":6,"f:40:16:40:27":2,"s:41:8:41:Infinity":7,"s:42:8:42:Infinity":8,"s:44:8:44:Infinity":9,"s:45:2:45:Infinity":10}}}
}
